2017-10-22 16:40:05 INFO (6): Added new  email template #1
2017-10-22 16:40:05 INFO (6): Added new  email template #2
2017-10-22 16:40:05 INFO (6): Added new  email template #3
2017-10-22 16:40:05 INFO (6): Added new  email template #4
2017-10-22 16:40:05 INFO (6): Added new  email template #5
2017-10-22 16:40:05 INFO (6): Added new  email template #6
2017-10-22 16:40:05 INFO (6): Added new  email template #7
2017-10-22 16:40:05 INFO (6): Added new  email template #8
2017-10-22 16:40:05 INFO (6): Added new  email template #9
2017-10-22 16:40:05 INFO (6): Added new  email template #10
2017-10-22 16:40:05 INFO (6): Added new  email template #11
2017-10-22 16:40:05 INFO (6): Added new  email template #12
2017-10-22 16:40:05 INFO (6): Added new  email template #13
2017-10-22 16:40:05 INFO (6): Added new  email template #14
2017-10-22 16:40:05 INFO (6): Added new  email template #15
2017-10-22 16:40:05 INFO (6): Added new  email template #16
2017-10-22 16:40:05 INFO (6): Added new  email template #17
2017-10-22 16:40:05 INFO (6): Added new  email template #18
2017-10-22 16:40:05 INFO (6): Added new  email template #19
2017-10-22 16:40:05 INFO (6): Added new  email template #20
2017-10-22 16:40:05 INFO (6): Added new  email template #21
2017-10-22 16:40:05 INFO (6): Added new  email template #22
2017-10-22 16:40:05 INFO (6): Added new  email template #23
2017-10-22 16:40:05 INFO (6): Added new  email template #24
2017-10-22 16:40:05 INFO (6): Added new  email template #25
2017-10-22 16:40:05 INFO (6): Added new  email template #26
2017-10-22 16:40:05 INFO (6): Added new  email template #27
2017-10-22 16:40:05 INFO (6): Added new  email template #28
2017-10-22 16:40:05 INFO (6): Added new  email template #29
2017-10-22 16:40:05 INFO (6): Added new  email template #30
2017-10-22 16:40:05 INFO (6): Added new  email template #31
2017-10-22 16:40:05 INFO (6): Added new  email template #32
2017-10-22 16:40:05 INFO (6): Added new  email template #33
2017-10-22 16:40:05 INFO (6): Added new  email template #34
2017-10-22 16:40:05 INFO (6): Added new  email template #35
2017-10-22 16:40:05 INFO (6): Added new  email template #36
2017-10-22 16:40:05 INFO (6): Added new  email template #37
2017-10-22 16:40:05 INFO (6): Added new  email template #38
2017-10-22 16:40:05 INFO (6): Added new  email template #39
2017-10-22 16:40:05 INFO (6): Added new  email template #40
2017-10-22 16:40:05 INFO (6): Added new  email template #41
2017-10-22 16:40:05 INFO (6): Added new  email template #42
2017-10-22 16:40:05 INFO (6): Added new  email template #43
2017-10-22 16:40:05 INFO (6): Added new  email template #44
2017-10-22 16:40:05 INFO (6): Added new  email template #45
2017-10-22 16:40:05 INFO (6): Added new  email template #46
2017-10-22 16:40:05 INFO (6): Added new  email template #47
2017-10-22 16:40:05 INFO (6): Generated email templates for installed extensions
2017-10-22 16:49:21 INFO (6): Staff member 1 logged in
2017-10-22 16:58:08 INFO (6): Created new client #1
2017-10-22 16:58:13 INFO (6): Client #1 logged in
2017-10-22 17:10:28 INFO (6): Updated profile
2017-10-22 17:12:36 INFO (6): Prepared new invoice "1"
2017-10-22 17:14:07 INFO (6): Added "Domains registration and transfer" to shopping cart
2017-10-22 17:14:09 INFO (6): Prepared new invoice "2"
2017-10-22 17:14:09 INFO (6): Approved invoice "2"
2017-10-22 17:14:09 INFO (6): Checked out shopping cart
2017-10-22 17:17:55 INFO (6): Submitted new ticket "1"
2017-10-22 17:51:54 INFO (6): Added new  email template #1
2017-10-22 17:51:54 INFO (6): Added new  email template #2
2017-10-22 17:51:54 INFO (6): Added new  email template #3
2017-10-22 17:51:54 INFO (6): Added new  email template #4
2017-10-22 17:51:54 INFO (6): Added new  email template #5
2017-10-22 17:51:54 INFO (6): Added new  email template #6
2017-10-22 17:51:54 INFO (6): Added new  email template #7
2017-10-22 17:51:54 INFO (6): Added new  email template #8
2017-10-22 17:51:54 INFO (6): Added new  email template #9
2017-10-22 17:51:54 INFO (6): Added new  email template #10
2017-10-22 17:51:54 INFO (6): Added new  email template #11
2017-10-22 17:51:54 INFO (6): Added new  email template #12
2017-10-22 17:51:54 INFO (6): Added new  email template #13
2017-10-22 17:51:54 INFO (6): Added new  email template #14
2017-10-22 17:51:54 INFO (6): Added new  email template #15
2017-10-22 17:51:54 INFO (6): Added new  email template #16
2017-10-22 17:51:54 INFO (6): Added new  email template #17
2017-10-22 17:51:54 INFO (6): Added new  email template #18
2017-10-22 17:51:54 INFO (6): Added new  email template #19
2017-10-22 17:51:54 INFO (6): Added new  email template #20
2017-10-22 17:51:54 INFO (6): Added new  email template #21
2017-10-22 17:51:54 INFO (6): Added new  email template #22
2017-10-22 17:51:54 INFO (6): Added new  email template #23
2017-10-22 17:51:54 INFO (6): Added new  email template #24
2017-10-22 17:51:54 INFO (6): Added new  email template #25
2017-10-22 17:51:54 INFO (6): Added new  email template #26
2017-10-22 17:51:54 INFO (6): Added new  email template #27
2017-10-22 17:51:54 INFO (6): Added new  email template #28
2017-10-22 17:51:54 INFO (6): Added new  email template #29
2017-10-22 17:51:54 INFO (6): Added new  email template #30
2017-10-22 17:51:54 INFO (6): Added new  email template #31
2017-10-22 17:51:54 INFO (6): Added new  email template #32
2017-10-22 17:51:54 INFO (6): Added new  email template #33
2017-10-22 17:51:54 INFO (6): Added new  email template #34
2017-10-22 17:51:54 INFO (6): Added new  email template #35
2017-10-22 17:51:54 INFO (6): Added new  email template #36
2017-10-22 17:51:54 INFO (6): Added new  email template #37
2017-10-22 17:51:54 INFO (6): Added new  email template #38
2017-10-22 17:51:54 INFO (6): Added new  email template #39
2017-10-22 17:51:54 INFO (6): Added new  email template #40
2017-10-22 17:51:54 INFO (6): Added new  email template #41
2017-10-22 17:51:54 INFO (6): Added new  email template #42
2017-10-22 17:51:54 INFO (6): Added new  email template #43
2017-10-22 17:51:54 INFO (6): Added new  email template #44
2017-10-22 17:51:54 INFO (6): Added new  email template #45
2017-10-22 17:51:54 INFO (6): Added new  email template #46
2017-10-22 17:51:54 INFO (6): Added new  email template #47
2017-10-22 17:51:54 INFO (6): Generated email templates for installed extensions
2017-10-22 18:02:28 INFO (6): Added new  email template #1
2017-10-22 18:02:28 INFO (6): Added new  email template #2
2017-10-22 18:02:28 INFO (6): Added new  email template #3
2017-10-22 18:02:28 INFO (6): Added new  email template #4
2017-10-22 18:02:28 INFO (6): Added new  email template #5
2017-10-22 18:02:28 INFO (6): Added new  email template #6
2017-10-22 18:02:28 INFO (6): Added new  email template #7
2017-10-22 18:02:28 INFO (6): Added new  email template #8
2017-10-22 18:02:28 INFO (6): Added new  email template #9
2017-10-22 18:02:28 INFO (6): Added new  email template #10
2017-10-22 18:02:28 INFO (6): Added new  email template #11
2017-10-22 18:02:28 INFO (6): Added new  email template #12
2017-10-22 18:02:28 INFO (6): Added new  email template #13
2017-10-22 18:02:28 INFO (6): Added new  email template #14
2017-10-22 18:02:28 INFO (6): Added new  email template #15
2017-10-22 18:02:28 INFO (6): Added new  email template #16
2017-10-22 18:02:28 INFO (6): Added new  email template #17
2017-10-22 18:02:28 INFO (6): Added new  email template #18
2017-10-22 18:02:28 INFO (6): Added new  email template #19
2017-10-22 18:02:28 INFO (6): Added new  email template #20
2017-10-22 18:02:28 INFO (6): Added new  email template #21
2017-10-22 18:02:28 INFO (6): Added new  email template #22
2017-10-22 18:02:28 INFO (6): Added new  email template #23
2017-10-22 18:02:28 INFO (6): Added new  email template #24
2017-10-22 18:02:28 INFO (6): Added new  email template #25
2017-10-22 18:02:28 INFO (6): Added new  email template #26
2017-10-22 18:02:28 INFO (6): Added new  email template #27
2017-10-22 18:02:28 INFO (6): Added new  email template #28
2017-10-22 18:02:28 INFO (6): Added new  email template #29
2017-10-22 18:02:28 INFO (6): Added new  email template #30
2017-10-22 18:02:28 INFO (6): Added new  email template #31
2017-10-22 18:02:28 INFO (6): Added new  email template #32
2017-10-22 18:02:28 INFO (6): Added new  email template #33
2017-10-22 18:02:28 INFO (6): Added new  email template #34
2017-10-22 18:02:28 INFO (6): Added new  email template #35
2017-10-22 18:02:28 INFO (6): Added new  email template #36
2017-10-22 18:02:28 INFO (6): Added new  email template #37
2017-10-22 18:02:28 INFO (6): Added new  email template #38
2017-10-22 18:02:28 INFO (6): Added new  email template #39
2017-10-22 18:02:28 INFO (6): Added new  email template #40
2017-10-22 18:02:28 INFO (6): Added new  email template #41
2017-10-22 18:02:28 INFO (6): Added new  email template #42
2017-10-22 18:02:28 INFO (6): Added new  email template #43
2017-10-22 18:02:28 INFO (6): Added new  email template #44
2017-10-22 18:02:28 INFO (6): Added new  email template #45
2017-10-22 18:02:28 INFO (6): Added new  email template #46
2017-10-22 18:02:28 INFO (6): Added new  email template #47
2017-10-22 18:02:28 INFO (6): Generated email templates for installed extensions
2017-10-22 18:02:37 INFO (6): Staff member 1 logged in
2017-10-22 18:02:53 INFO (6): Staff member 1 logged in
2017-10-22 18:14:57 INFO (6): Installed new payment gateway AliPay
2017-10-22 18:15:39 INFO (6): Updated payment gateway PayPalEmail
2017-10-22 18:17:48 INFO (6): Created new client #1
2017-10-22 18:17:59 INFO (6): Client #1 logged in
2017-10-22 18:18:23 INFO (6): Added "Domains registration and transfer" to shopping cart
2017-10-22 18:18:35 INFO (6): Prepared new invoice "1"
2017-10-22 18:18:35 INFO (6): Approved invoice "1"
2017-10-22 18:18:35 INFO (6): Checked out shopping cart
2017-10-22 18:23:02 INFO (6): Added "Domains registration and transfer" to shopping cart
2017-10-22 18:28:08 INFO (6): Approved invoice "1"
2017-10-22 18:28:08 INFO (6): Generated new renewal invoice #1
2017-10-22 18:29:44 INFO (6): Updated product category #1
2017-10-22 18:30:08 INFO (6): Invoice payment reminder sent
2017-10-22 18:39:40 INFO (6): Activated order #1
2017-10-22 18:48:34 INFO (6): Client #1 logged in
2017-10-22 18:49:24 INFO (6): Staff member 1 logged in
2017-10-22 18:52:08 INFO (6): Updated payment gateway PayPalEmail
2017-10-22 18:52:32 INFO (6): Added "Domains registration and transfer" to shopping cart
2017-10-22 18:52:35 INFO (6): Prepared new invoice "2"
2017-10-22 18:52:35 INFO (6): Approved invoice "2"
2017-10-22 18:52:35 INFO (6): Checked out shopping cart
2017-10-22 18:56:32 INFO (6): Copied payment gateway #5 - PayPalEmail
2017-10-22 18:56:37 INFO (6): Removed payment gateway 5
2017-10-22 19:34:31 INFO (6): Updated payment gateway AlertPay
2017-10-22 19:34:45 INFO (6): Went to pay for invoice #1 via AlertPay
2017-10-22 19:43:17 INFO (6): Went to pay for invoice #2 via AlertPay
2017-10-22 19:43:59 INFO (6): Received transaction 1 from payment gateway 3
2017-10-22 19:53:15 INFO (6): Invoice payment reminder sent
2017-10-22 20:14:46 INFO (6): Updated payment gateway Custom
2017-10-22 20:18:46 INFO (6): Went to pay for invoice #2 via AlertPay
2017-10-22 20:20:29 INFO (6): Received transaction 2 from payment gateway 3
2017-10-22 20:21:02 INFO (6): Went to pay for invoice #2 via AlertPay
2017-10-22 20:22:16 INFO (6): Received transaction 3 from payment gateway 3
2017-10-24 15:36:46 INFO (6): Admin logged out
2017-10-24 15:58:07 INFO (6): Staff member 1 logged in
2017-10-24 16:03:00 INFO (6): Activated order #2
